TN:
SF:src/a2a-adapter.js
FN:18,(anonymous_0)
FN:33,(anonymous_1)
FN:61,(anonymous_2)
FN:70,(anonymous_3)
FN:74,(anonymous_4)
FN:75,(anonymous_5)
FN:78,(anonymous_6)
FN:80,(anonymous_7)
FN:83,(anonymous_8)
FN:96,(anonymous_9)
FN:100,(anonymous_10)
FN:139,(anonymous_11)
FN:157,(anonymous_12)
FN:166,(anonymous_13)
FN:184,(anonymous_14)
FN:192,(anonymous_15)
FN:198,(anonymous_16)
FN:235,(anonymous_17)
FN:254,(anonymous_18)
FN:271,(anonymous_19)
FN:288,(anonymous_20)
FN:299,(anonymous_21)
FN:303,(anonymous_22)
FN:307,(anonymous_23)
FN:311,(anonymous_24)
FN:321,(anonymous_25)
FN:324,(anonymous_26)
FN:328,(anonymous_27)
FN:336,(anonymous_28)
FN:340,(anonymous_29)
FNF:30
FNH:28
FNDA:38,(anonymous_0)
FNDA:1,(anonymous_1)
FNDA:3,(anonymous_2)
FNDA:8,(anonymous_3)
FNDA:4,(anonymous_4)
FNDA:6,(anonymous_5)
FNDA:2,(anonymous_6)
FNDA:4,(anonymous_7)
FNDA:8,(anonymous_8)
FNDA:5,(anonymous_9)
FNDA:5,(anonymous_10)
FNDA:3,(anonymous_11)
FNDA:5,(anonymous_12)
FNDA:0,(anonymous_13)
FNDA:2,(anonymous_14)
FNDA:1,(anonymous_15)
FNDA:8,(anonymous_16)
FNDA:3,(anonymous_17)
FNDA:1,(anonymous_18)
FNDA:2,(anonymous_19)
FNDA:2,(anonymous_20)
FNDA:1,(anonymous_21)
FNDA:1,(anonymous_22)
FNDA:1,(anonymous_23)
FNDA:1,(anonymous_24)
FNDA:0,(anonymous_25)
FNDA:1,(anonymous_26)
FNDA:1,(anonymous_27)
FNDA:2,(anonymous_28)
FNDA:1,(anonymous_29)
DA:13,1
DA:14,1
DA:15,1
DA:19,38
DA:20,38
DA:21,38
DA:22,38
DA:23,38
DA:24,38
DA:25,38
DA:30,38
DA:34,1
DA:37,1
DA:40,1
DA:43,1
DA:46,1
DA:49,1
DA:50,1
DA:56,1
DA:62,3
DA:67,3
DA:71,8
DA:75,6
DA:79,2
DA:80,4
DA:84,8
DA:86,7
DA:87,7
DA:88,6
DA:90,5
DA:96,5
DA:97,5
DA:100,8
DA:102,8
DA:103,5
DA:104,5
DA:110,5
DA:111,2
DA:114,2
DA:115,1
DA:116,1
DA:117,1
DA:118,1
DA:122,4
DA:135,1
DA:140,3
DA:142,1
DA:148,3
DA:149,3
DA:151,1
DA:160,5
DA:161,1
DA:165,4
DA:166,2
DA:171,4
DA:172,0
DA:177,0
DA:178,0
DA:181,4
DA:186,2
DA:187,1
DA:188,1
DA:194,1
DA:195,1
DA:199,8
DA:201,8
DA:202,1
DA:203,1
DA:207,7
DA:210,2
DA:211,2
DA:213,1
DA:214,1
DA:216,1
DA:217,1
DA:219,1
DA:220,1
DA:222,1
DA:223,1
DA:225,1
DA:226,1
DA:236,3
DA:245,3
DA:246,3
DA:247,3
DA:248,3
DA:255,1
DA:263,1
DA:264,1
DA:265,1
DA:272,2
DA:280,2
DA:281,2
DA:282,2
DA:289,2
DA:300,1
DA:304,1
DA:308,1
DA:313,1
DA:314,1
DA:320,1
DA:321,1
DA:325,1
DA:329,1
DA:330,1
DA:337,2
DA:341,1
DA:350,1
LF:108
LH:105
BRDA:18,0,0,38
BRDA:20,1,0,38
BRDA:20,1,1,3
BRDA:21,2,0,38
BRDA:21,2,1,0
BRDA:30,3,0,38
BRDA:30,3,1,32
BRDA:61,4,0,3
BRDA:84,5,0,1
BRDA:84,5,1,7
BRDA:88,6,0,1
BRDA:88,6,1,5
BRDA:97,7,0,5
BRDA:97,7,1,0
BRDA:110,8,0,2
BRDA:110,8,1,3
BRDA:110,9,0,5
BRDA:110,9,1,4
BRDA:111,10,0,2
BRDA:111,10,1,0
BRDA:114,11,0,1
BRDA:114,11,1,1
BRDA:123,12,0,4
BRDA:123,12,1,4
BRDA:125,13,0,5
BRDA:125,13,1,0
BRDA:128,14,0,3
BRDA:128,14,1,1
BRDA:139,15,0,3
BRDA:140,16,0,2
BRDA:140,16,1,1
BRDA:143,17,0,1
BRDA:143,17,1,1
BRDA:144,18,0,3
BRDA:144,18,1,1
BRDA:145,19,0,3
BRDA:145,19,1,1
BRDA:160,20,0,1
BRDA:160,20,1,4
BRDA:160,21,0,5
BRDA:160,21,1,5
BRDA:160,21,2,5
BRDA:165,22,0,2
BRDA:165,22,1,2
BRDA:165,23,0,4
BRDA:165,23,1,3
BRDA:171,24,0,0
BRDA:171,24,1,4
BRDA:186,25,0,1
BRDA:186,25,1,1
BRDA:201,26,0,1
BRDA:201,26,1,7
BRDA:207,27,0,1
BRDA:207,27,1,2
BRDA:207,27,2,1
BRDA:207,27,3,1
BRDA:207,27,4,1
BRDA:207,27,5,1
BRDA:207,27,6,1
BRDA:288,28,0,2
BRDA:293,29,0,2
BRDA:293,29,1,2
BRDA:313,30,0,1
BRDA:313,30,1,0
BRDA:316,31,0,1
BRDA:316,31,1,0
BRF:66
BRH:59
end_of_record
TN:
SF:src/artifact-store.js
FN:28,(anonymous_0)
FN:46,(anonymous_1)
FN:80,(anonymous_2)
FN:101,(anonymous_3)
FN:106,(anonymous_4)
FN:107,(anonymous_5)
FN:110,(anonymous_6)
FN:121,(anonymous_7)
FNF:8
FNH:8
FNDA:32,(anonymous_0)
FNDA:56,(anonymous_1)
FNDA:4,(anonymous_2)
FNDA:25,(anonymous_3)
FNDA:39,(anonymous_4)
FNDA:39,(anonymous_5)
FNDA:11,(anonymous_6)
FNDA:4,(anonymous_7)
DA:24,4
DA:25,4
DA:29,32
DA:34,32
DA:47,56
DA:48,56
DA:49,56
DA:51,56
DA:54,56
DA:55,56
DA:58,56
DA:65,56
DA:70,56
DA:81,4
DA:82,4
DA:84,4
DA:85,1
DA:88,3
DA:89,3
DA:90,3
DA:92,3
DA:102,25
DA:104,24
DA:105,24
DA:106,39
DA:107,39
DA:109,24
DA:110,11
DA:112,20
DA:122,4
DA:124,3
DA:125,3
DA:127,3
DA:128,3
DA:129,3
DA:130,3
DA:131,3
DA:132,1
DA:133,1
DA:137,1
DA:138,1
DA:142,3
DA:146,4
LF:43
LH:43
BRDA:28,0,0,32
BRDA:29,1,0,32
BRDA:29,1,1,0
BRDA:29,1,2,0
BRDA:46,2,0,56
BRDA:84,3,0,1
BRDA:84,3,1,3
BRDA:102,4,0,1
BRDA:102,4,1,24
BRDA:109,5,0,4
BRDA:109,5,1,20
BRDA:121,6,0,4
BRDA:122,7,0,1
BRDA:122,7,1,3
BRDA:131,8,0,1
BRDA:131,8,1,2
BRF:16
BRH:14
end_of_record
TN:
SF:src/dispatcher.js
FN:33,(anonymous_0)
FN:45,(anonymous_1)
FN:54,(anonymous_2)
FN:62,(anonymous_3)
FN:92,(anonymous_4)
FN:115,(anonymous_5)
FN:141,(anonymous_6)
FN:152,(anonymous_7)
FN:155,(anonymous_8)
FN:158,(anonymous_9)
FN:166,(anonymous_10)
FNF:11
FNH:10
FNDA:21,(anonymous_0)
FNDA:0,(anonymous_1)
FNDA:17,(anonymous_2)
FNDA:5,(anonymous_3)
FNDA:9,(anonymous_4)
FNDA:3,(anonymous_5)
FNDA:1,(anonymous_6)
FNDA:2,(anonymous_7)
FNDA:1,(anonymous_8)
FNDA:1,(anonymous_9)
FNDA:2,(anonymous_10)
DA:11,1
DA:12,1
DA:16,1
DA:23,1
DA:24,1
DA:29,1
DA:30,1
DA:34,21
DA:35,21
DA:36,21
DA:37,21
DA:38,21
DA:39,21
DA:46,0
DA:47,0
DA:48,0
DA:55,17
DA:56,13
DA:63,5
DA:64,5
DA:72,5
DA:75,5
DA:86,5
DA:93,9
DA:94,9
DA:96,9
DA:97,2
DA:98,2
DA:102,7
DA:108,7
DA:109,7
DA:116,3
DA:118,3
DA:119,6
DA:120,6
DA:122,6
DA:123,3
DA:126,3
DA:129,3
DA:130,3
DA:132,1
DA:133,1
DA:136,2
DA:138,1
DA:139,1
DA:141,1
DA:146,3
DA:153,2
DA:154,2
DA:155,2
DA:156,1
DA:157,1
DA:158,1
DA:160,2
DA:167,2
DA:168,2
DA:169,2
DA:170,2
DA:174,1
LF:59
LH:56
BRDA:33,0,0,21
BRDA:34,1,0,21
BRDA:34,1,1,21
BRDA:34,1,2,0
BRDA:35,2,0,21
BRDA:35,2,1,21
BRDA:35,2,2,0
BRDA:36,3,0,21
BRDA:36,3,1,1
BRDA:55,4,0,4
BRDA:55,4,1,13
BRDA:56,5,0,13
BRDA:56,5,1,2
BRDA:79,6,0,5
BRDA:79,6,1,1
BRDA:93,7,0,9
BRDA:93,7,1,2
BRDA:96,8,0,2
BRDA:96,8,1,7
BRDA:122,9,0,3
BRDA:122,9,1,3
BRDA:138,10,0,1
BRDA:138,10,1,0
BRDA:168,11,0,1
BRDA:168,11,1,1
BRDA:169,12,0,1
BRDA:169,12,1,1
BRF:27
BRH:24
end_of_record
TN:
SF:src/health-server.js
FN:14,(anonymous_0)
FN:23,(anonymous_1)
FN:38,(anonymous_2)
FN:58,(anonymous_3)
FN:59,(anonymous_4)
FN:61,(anonymous_5)
FN:65,(anonymous_6)
FN:73,(anonymous_7)
FNF:8
FNH:5
FNDA:12,(anonymous_0)
FNDA:8,(anonymous_1)
FNDA:5,(anonymous_2)
FNDA:2,(anonymous_3)
FNDA:0,(anonymous_4)
FNDA:0,(anonymous_5)
FNDA:0,(anonymous_6)
FNDA:2,(anonymous_7)
DA:7,1
DA:8,1
DA:10,1
DA:11,1
DA:15,12
DA:16,12
DA:17,12
DA:24,8
DA:25,8
DA:27,8
DA:39,5
DA:40,2
DA:41,2
DA:42,2
DA:45,3
DA:46,3
DA:48,5
DA:52,5
DA:59,2
DA:61,2
DA:62,0
DA:65,2
DA:66,0
DA:74,2
DA:75,1
DA:76,1
DA:81,1
LF:27
LH:25
BRDA:11,0,0,1
BRDA:11,0,1,1
BRDA:14,1,0,12
BRDA:25,2,0,8
BRDA:25,2,1,6
BRDA:28,3,0,3
BRDA:28,3,1,5
BRDA:29,4,0,3
BRDA:29,4,1,5
BRDA:39,5,0,2
BRDA:39,5,1,3
BRDA:39,6,0,5
BRDA:39,6,1,4
BRDA:46,7,0,2
BRDA:46,7,1,1
BRDA:74,8,0,1
BRDA:74,8,1,1
BRF:17
BRH:17
end_of_record
TN:
SF:src/index.js
FN:23,(anonymous_0)
FN:35,(anonymous_1)
FN:85,(anonymous_2)
FN:95,(anonymous_3)
FN:113,(anonymous_4)
FN:118,(anonymous_5)
FNF:6
FNH:0
FNDA:0,(anonymous_0)
FNDA:0,(anonymous_1)
FNDA:0,(anonymous_2)
FNDA:0,(anonymous_3)
FNDA:0,(anonymous_4)
FNDA:0,(anonymous_5)
DA:12,0
DA:13,0
DA:14,0
DA:15,0
DA:16,0
DA:17,0
DA:18,0
DA:19,0
DA:20,0
DA:24,0
DA:25,0
DA:26,0
DA:27,0
DA:28,0
DA:29,0
DA:30,0
DA:31,0
DA:32,0
DA:36,0
DA:39,0
DA:40,0
DA:41,0
DA:44,0
DA:45,0
DA:46,0
DA:49,0
DA:50,0
DA:51,0
DA:54,0
DA:55,0
DA:56,0
DA:59,0
DA:60,0
DA:63,0
DA:64,0
DA:65,0
DA:66,0
DA:68,0
DA:72,0
DA:73,0
DA:74,0
DA:77,0
DA:78,0
DA:79,0
DA:81,0
DA:82,0
DA:86,0
DA:87,0
DA:88,0
DA:89,0
DA:90,0
DA:91,0
DA:92,0
DA:96,0
DA:97,0
DA:111,0
DA:112,0
DA:113,0
DA:114,0
DA:115,0
DA:118,0
DA:119,0
DA:120,0
DA:124,0
LF:64
LH:0
BRDA:23,0,0,0
BRDA:65,1,0,0
BRDA:65,1,1,0
BRDA:87,2,0,0
BRDA:87,2,1,0
BRDA:88,3,0,0
BRDA:88,3,1,0
BRDA:89,4,0,0
BRDA:89,4,1,0
BRDA:90,5,0,0
BRDA:90,5,1,0
BRDA:91,6,0,0
BRDA:91,6,1,0
BRDA:99,7,0,0
BRDA:99,7,1,0
BRDA:100,8,0,0
BRDA:100,8,1,0
BRDA:101,9,0,0
BRDA:101,9,1,0
BRDA:102,10,0,0
BRDA:102,10,1,0
BRDA:103,11,0,0
BRDA:103,11,1,0
BRDA:104,12,0,0
BRDA:104,12,1,0
BRDA:105,13,0,0
BRDA:105,13,1,0
BRDA:111,14,0,0
BRDA:111,14,1,0
BRF:29
BRH:0
end_of_record
TN:
SF:src/logger.js
FN:21,log
FN:38,(anonymous_1)
FN:39,(anonymous_2)
FN:40,(anonymous_3)
FN:41,(anonymous_4)
FN:42,(anonymous_5)
FN:43,(anonymous_6)
FNF:7
FNH:6
FNDA:168,log
FNDA:0,(anonymous_1)
FNDA:16,(anonymous_2)
FNDA:119,(anonymous_3)
FNDA:10,(anonymous_4)
FNDA:15,(anonymous_5)
FNDA:8,(anonymous_6)
DA:9,11
DA:18,11
DA:19,11
DA:22,168
DA:23,16
DA:26,152
DA:34,152
DA:37,11
DA:38,0
DA:39,16
DA:40,119
DA:41,10
DA:42,15
DA:43,8
DA:46,11
LF:15
LH:14
BRDA:19,0,0,11
BRDA:19,0,1,11
BRDA:21,1,0,168
BRDA:22,2,0,16
BRDA:22,2,1,152
BRDA:22,3,0,168
BRDA:22,3,1,168
BRF:7
BRH:7
end_of_record
TN:
SF:src/mem0-adapter.js
FN:22,(anonymous_0)
FN:34,(anonymous_1)
FN:60,(anonymous_2)
FN:87,(anonymous_3)
FN:112,(anonymous_4)
FNF:5
FNH:5
FNDA:16,(anonymous_0)
FNDA:4,(anonymous_1)
FNDA:5,(anonymous_2)
FNDA:4,(anonymous_3)
FNDA:6,(anonymous_4)
DA:18,1
DA:19,1
DA:23,16
DA:24,16
DA:25,16
DA:26,16
DA:28,16
DA:29,4
DA:30,4
DA:35,4
DA:36,1
DA:37,1
DA:40,3
DA:42,3
DA:43,3
DA:48,2
DA:49,1
DA:51,1
DA:52,1
DA:54,2
DA:55,2
DA:56,2
DA:61,5
DA:62,2
DA:65,3
DA:66,3
DA:79,2
DA:80,2
DA:82,1
DA:83,1
DA:88,4
DA:89,2
DA:92,2
DA:93,2
DA:105,1
DA:107,1
DA:108,1
DA:113,6
DA:117,1
LF:39
LH:39
BRDA:22,0,0,16
BRDA:23,1,0,16
BRDA:23,1,1,8
BRDA:24,2,0,16
BRDA:24,2,1,8
BRDA:25,3,0,16
BRDA:25,3,1,8
BRDA:25,3,2,8
BRDA:26,4,0,16
BRDA:26,4,1,0
BRDA:28,5,0,4
BRDA:28,5,1,12
BRDA:28,6,0,16
BRDA:28,6,1,12
BRDA:35,7,0,1
BRDA:35,7,1,3
BRDA:48,8,0,1
BRDA:48,8,1,1
BRDA:60,9,0,5
BRDA:61,10,0,2
BRDA:61,10,1,3
BRDA:62,11,0,2
BRDA:62,11,1,2
BRDA:74,12,0,3
BRDA:74,12,1,2
BRDA:76,13,0,5
BRDA:76,13,1,5
BRDA:80,14,0,2
BRDA:80,14,1,5
BRDA:83,15,0,1
BRDA:83,15,1,1
BRDA:87,16,0,4
BRDA:88,17,0,2
BRDA:88,17,1,2
BRDA:89,18,0,2
BRDA:89,18,1,0
BRDA:101,19,0,2
BRDA:101,19,1,1
BRDA:102,20,0,4
BRDA:102,20,1,0
BRDA:108,21,0,1
BRDA:108,21,1,0
BRF:42
BRH:38
end_of_record
TN:
SF:src/memory-bridge.js
FN:14,(anonymous_0)
FN:25,(anonymous_1)
FN:33,(anonymous_2)
FN:72,(anonymous_3)
FN:111,(anonymous_4)
FNF:5
FNH:5
FNDA:18,(anonymous_0)
FNDA:9,(anonymous_1)
FNDA:17,(anonymous_2)
FNDA:10,(anonymous_3)
FNDA:1,(anonymous_4)
DA:8,2
DA:9,2
DA:10,2
DA:11,2
DA:15,18
DA:18,18
DA:26,9
DA:27,1
DA:28,1
DA:31,8
DA:32,8
DA:33,17
DA:34,8
DA:36,8
DA:37,8
DA:39,9
DA:40,9
DA:42,1
DA:46,8
DA:47,7
DA:48,7
DA:49,5
DA:60,8
DA:62,0
DA:63,0
DA:73,10
DA:74,10
DA:75,10
DA:76,10
DA:78,10
DA:101,10
DA:102,10
DA:104,1
DA:108,10
DA:114,1
DA:122,2
LF:36
LH:34
BRDA:14,0,0,18
BRDA:15,1,0,18
BRDA:15,1,1,0
BRDA:15,1,2,0
BRDA:25,2,0,9
BRDA:26,3,0,1
BRDA:26,3,1,8
BRDA:46,4,0,7
BRDA:46,4,1,1
BRDA:46,5,0,8
BRDA:46,5,1,2
BRDA:47,6,0,6
BRDA:47,6,1,7
BRDA:48,7,0,5
BRDA:48,7,1,2
BRDA:50,8,0,5
BRDA:50,8,1,2
BRDA:50,8,2,1
BRDA:51,9,0,5
BRDA:51,9,1,1
BRDA:54,10,0,5
BRDA:54,10,1,4
BRDA:72,11,0,10
BRF:23
BRH:21
end_of_record
TN:
SF:src/redis-pubsub.js
FN:14,(anonymous_0)
FN:31,(anonymous_1)
FN:34,(anonymous_2)
FN:37,(anonymous_3)
FN:39,(anonymous_4)
FN:55,(anonymous_5)
FN:56,(anonymous_6)
FN:59,(anonymous_7)
FN:65,(anonymous_8)
FN:71,(anonymous_9)
FN:76,(anonymous_10)
FN:83,(anonymous_11)
FN:89,(anonymous_12)
FN:97,(anonymous_13)
FN:110,(anonymous_14)
FN:115,(anonymous_15)
FN:121,(anonymous_16)
FN:143,(anonymous_17)
FNF:18
FNH:17
FNDA:27,(anonymous_0)
FNDA:10,(anonymous_1)
FNDA:10,(anonymous_2)
FNDA:10,(anonymous_3)
FNDA:0,(anonymous_4)
FNDA:20,(anonymous_5)
FNDA:20,(anonymous_6)
FNDA:20,(anonymous_7)
FNDA:20,(anonymous_8)
FNDA:1,(anonymous_9)
FNDA:2,(anonymous_10)
FNDA:2,(anonymous_11)
FNDA:6,(anonymous_12)
FNDA:1,(anonymous_13)
FNDA:5,(anonymous_14)
FNDA:9,(anonymous_15)
FNDA:14,(anonymous_16)
FNDA:2,(anonymous_17)
DA:8,4
DA:9,4
DA:11,4
DA:15,27
DA:16,27
DA:17,27
DA:18,27
DA:19,26
DA:21,1
DA:23,26
DA:24,26
DA:25,26
DA:26,26
DA:27,26
DA:28,26
DA:32,10
DA:33,10
DA:35,10
DA:38,10
DA:39,10
DA:40,0
DA:41,0
DA:42,0
DA:43,0
DA:45,0
DA:52,10
DA:56,20
DA:57,20
DA:59,20
DA:60,20
DA:61,20
DA:62,20
DA:65,20
DA:66,20
DA:67,20
DA:68,20
DA:71,20
DA:72,1
DA:73,1
DA:76,20
DA:77,2
DA:78,1
DA:80,2
DA:83,20
DA:84,2
DA:85,1
DA:89,20
DA:90,6
DA:92,5
DA:93,5
DA:94,5
DA:95,1
DA:96,1
DA:97,1
DA:102,20
DA:103,10
DA:105,10
DA:111,5
DA:112,3
DA:116,9
DA:117,7
DA:118,7
DA:122,14
DA:124,14
DA:125,14
DA:126,14
DA:128,0
DA:132,14
DA:133,14
DA:134,14
DA:136,1
DA:140,14
DA:144,2
DA:148,4
LF:74
LH:68
BRDA:14,0,0,27
BRDA:15,1,0,27
BRDA:15,1,1,23
BRDA:15,1,2,0
BRDA:16,2,0,27
BRDA:16,2,1,23
BRDA:16,2,2,0
BRDA:17,3,0,27
BRDA:17,3,1,16
BRDA:18,4,0,26
BRDA:18,4,1,1
BRDA:41,5,0,0
BRDA:41,5,1,0
BRDA:77,6,0,1
BRDA:77,6,1,1
BRDA:84,7,0,1
BRDA:84,7,1,1
BRDA:90,8,0,1
BRDA:90,8,1,5
BRDA:94,9,0,1
BRDA:94,9,1,4
BRDA:102,10,0,10
BRDA:102,10,1,10
BRDA:111,11,0,2
BRDA:111,11,1,3
BRDA:116,12,0,2
BRDA:116,12,1,7
BRDA:124,13,0,14
BRDA:124,13,1,0
BRDA:132,14,0,14
BRDA:132,14,1,0
BRF:31
BRH:25
end_of_record
TN:
SF:src/result-processor.js
FN:19,(anonymous_0)
FN:30,(anonymous_1)
FN:67,(anonymous_2)
FN:75,(anonymous_3)
FN:92,(anonymous_4)
FN:135,(anonymous_5)
FN:158,(anonymous_6)
FN:188,(anonymous_7)
FN:198,(anonymous_8)
FN:211,(anonymous_9)
FN:262,(anonymous_10)
FN:271,(anonymous_11)
FN:291,(anonymous_12)
FN:308,(anonymous_13)
FN:313,(anonymous_14)
FN:318,(anonymous_15)
FNF:16
FNH:12
FNDA:38,(anonymous_0)
FNDA:40,(anonymous_1)
FNDA:2,(anonymous_2)
FNDA:0,(anonymous_3)
FNDA:18,(anonymous_4)
FNDA:19,(anonymous_5)
FNDA:15,(anonymous_6)
FNDA:2,(anonymous_7)
FNDA:3,(anonymous_8)
FNDA:16,(anonymous_9)
FNDA:2,(anonymous_10)
FNDA:2,(anonymous_11)
FNDA:24,(anonymous_12)
FNDA:0,(anonymous_13)
FNDA:0,(anonymous_14)
FNDA:0,(anonymous_15)
DA:11,2
DA:12,2
DA:13,2
DA:15,2
DA:16,2
DA:20,38
DA:21,38
DA:22,38
DA:23,38
DA:24,38
DA:31,40
DA:52,40
DA:53,40
DA:54,40
DA:55,40
DA:58,1
DA:61,1
DA:68,2
DA:69,2
DA:76,0
DA:78,0
DA:82,0
DA:86,0
DA:93,18
DA:94,18
DA:95,18
DA:96,18
DA:99,18
DA:100,1
DA:101,1
DA:105,18
DA:107,1
DA:108,1
DA:112,18
DA:113,1
DA:117,18
DA:118,18
DA:119,1
DA:122,17
DA:123,1
DA:124,1
DA:125,1
DA:129,18
DA:136,19
DA:137,19
DA:139,19
DA:141,14
DA:143,2
DA:145,1
DA:148,2
DA:149,1
DA:151,1
DA:159,15
DA:161,15
DA:162,15
DA:163,15
DA:165,15
DA:166,1
DA:167,14
DA:168,3
DA:169,3
DA:170,2
DA:171,2
DA:172,2
DA:174,1
DA:178,15
DA:179,3
DA:182,15
DA:189,2
DA:190,2
DA:191,2
DA:192,2
DA:199,3
DA:212,16
DA:215,16
DA:217,16
DA:218,1
DA:220,1
DA:224,15
DA:225,15
DA:228,15
DA:231,15
DA:234,15
DA:240,15
DA:241,15
DA:246,15
DA:248,15
DA:251,15
DA:252,15
DA:253,15
DA:256,15
DA:263,2
DA:264,2
DA:267,2
DA:268,2
DA:271,2
DA:272,2
DA:274,2
DA:275,2
DA:277,2
DA:278,1
DA:281,1
DA:285,2
DA:292,24
DA:293,24
DA:294,24
DA:295,24
DA:297,24
DA:298,24
DA:300,24
DA:305,2
DA:306,0
DA:308,0
DA:309,0
DA:310,0
DA:313,0
DA:314,0
DA:315,0
DA:318,0
DA:319,0
DA:320,0
DA:324,2
LF:122
LH:108
BRDA:19,0,0,38
BRDA:21,1,0,38
BRDA:21,1,1,36
BRDA:22,2,0,38
BRDA:22,2,1,38
BRDA:53,3,0,40
BRDA:53,3,1,0
BRDA:79,4,0,0
BRDA:79,4,1,0
BRDA:80,5,0,0
BRDA:80,5,1,0
BRDA:83,6,0,0
BRDA:83,6,1,0
BRDA:84,7,0,0
BRDA:84,7,1,0
BRDA:99,8,0,1
BRDA:99,8,1,17
BRDA:99,9,0,18
BRDA:99,9,1,18
BRDA:105,10,0,1
BRDA:105,10,1,17
BRDA:105,11,0,18
BRDA:105,11,1,17
BRDA:105,11,2,1
BRDA:107,12,0,1
BRDA:107,12,1,1
BRDA:112,13,0,1
BRDA:112,13,1,17
BRDA:112,14,0,18
BRDA:112,14,1,17
BRDA:112,14,2,17
BRDA:118,15,0,1
BRDA:118,15,1,17
BRDA:118,16,0,18
BRDA:118,16,1,18
BRDA:118,16,2,1
BRDA:122,17,0,1
BRDA:122,17,1,16
BRDA:122,18,0,17
BRDA:122,18,1,17
BRDA:135,19,0,19
BRDA:136,20,0,19
BRDA:136,20,1,15
BRDA:136,20,2,0
BRDA:137,21,0,19
BRDA:137,21,1,19
BRDA:139,22,0,14
BRDA:139,22,1,2
BRDA:139,22,2,1
BRDA:139,22,3,2
BRDA:148,23,0,1
BRDA:148,23,1,1
BRDA:163,24,0,1
BRDA:163,24,1,15
BRDA:165,25,0,1
BRDA:165,25,1,14
BRDA:167,26,0,3
BRDA:167,26,1,11
BRDA:169,27,0,2
BRDA:169,27,1,1
BRDA:178,28,0,3
BRDA:178,28,1,12
BRDA:190,29,0,0
BRDA:190,29,1,2
BRDA:191,30,0,0
BRDA:191,30,1,2
BRDA:204,31,0,3
BRDA:204,31,1,3
BRDA:205,32,0,3
BRDA:205,32,1,3
BRDA:217,33,0,1
BRDA:217,33,1,15
BRDA:251,34,0,15
BRDA:251,34,1,0
BRDA:272,35,0,2
BRDA:272,35,1,0
BRDA:277,36,0,1
BRDA:277,36,1,1
BRDA:293,37,0,24
BRDA:293,37,1,0
BRDA:297,38,0,24
BRDA:297,38,1,0
BRDA:305,39,0,0
BRDA:305,39,1,2
BRF:84
BRH:67
end_of_record
TN:
SF:src/shared-store.js
FN:33,(anonymous_0)
FN:49,(anonymous_1)
FN:66,(anonymous_2)
FN:86,(anonymous_3)
FN:89,(anonymous_4)
FN:110,matchesQuery
FN:121,(anonymous_6)
FNF:7
FNH:7
FNDA:22,(anonymous_0)
FNDA:35,(anonymous_1)
FNDA:1,(anonymous_2)
FNDA:17,(anonymous_3)
FNDA:28,(anonymous_4)
FNDA:26,matchesQuery
FNDA:11,(anonymous_6)
DA:26,3
DA:27,3
DA:28,3
DA:30,3
DA:34,22
DA:37,22
DA:50,35
DA:52,35
DA:53,8
DA:65,8
DA:66,8
DA:70,35
DA:87,17
DA:89,17
DA:90,28
DA:92,28
DA:93,28
DA:95,2
DA:98,26
DA:99,15
DA:100,15
DA:111,26
DA:115,26
DA:117,25
DA:118,11
DA:119,9
DA:120,9
DA:121,11
DA:125,20
DA:126,18
DA:127,16
DA:129,15
DA:132,3
LF:33
LH:33
BRDA:33,0,0,22
BRDA:37,1,0,22
BRDA:37,1,1,16
BRDA:49,2,0,35
BRDA:52,3,0,8
BRDA:52,3,1,27
BRDA:58,4,0,8
BRDA:58,4,1,7
BRDA:59,5,0,8
BRDA:59,5,1,7
BRDA:86,6,0,17
BRDA:98,7,0,11
BRDA:98,7,1,15
BRDA:111,8,0,26
BRDA:111,8,1,0
BRDA:115,9,0,1
BRDA:115,9,1,25
BRDA:115,10,0,26
BRDA:115,10,1,6
BRDA:117,11,0,11
BRDA:117,11,1,14
BRDA:118,12,0,2
BRDA:118,12,1,9
BRDA:119,13,0,9
BRDA:119,13,1,0
BRDA:120,14,0,9
BRDA:120,14,1,0
BRDA:121,15,0,3
BRDA:121,15,1,6
BRDA:125,16,0,2
BRDA:125,16,1,18
BRDA:125,17,0,20
BRDA:125,17,1,4
BRDA:126,18,0,2
BRDA:126,18,1,16
BRDA:126,19,0,18
BRDA:126,19,1,4
BRDA:127,20,0,1
BRDA:127,20,1,15
BRDA:127,21,0,16
BRDA:127,21,1,3
BRF:41
BRH:38
end_of_record
TN:
SF:src/task-queue.js
FN:17,(anonymous_0)
FN:25,(anonymous_1)
FN:29,(anonymous_2)
FN:34,(anonymous_3)
FN:43,(anonymous_4)
FN:55,(anonymous_5)
FNF:6
FNH:5
FNDA:23,(anonymous_0)
FNDA:2,(anonymous_1)
FNDA:0,(anonymous_2)
FNDA:16,(anonymous_3)
FNDA:9,(anonymous_4)
FNDA:20,(anonymous_5)
DA:12,2
DA:14,2
DA:18,23
DA:19,23
DA:20,23
DA:21,23
DA:26,2
DA:30,0
DA:31,0
DA:35,16
DA:36,14
DA:37,14
DA:38,16
DA:39,16
DA:40,14
DA:44,9
DA:45,7
DA:51,7
DA:52,6
DA:56,20
DA:60,2
LF:21
LH:19
BRDA:17,0,0,23
BRDA:18,1,0,23
BRDA:18,1,1,23
BRDA:18,1,2,0
BRDA:19,2,0,23
BRDA:19,2,1,23
BRDA:19,2,2,0
BRDA:21,3,0,23
BRDA:21,3,1,23
BRDA:21,3,2,23
BRDA:35,4,0,2
BRDA:35,4,1,14
BRDA:37,5,0,9
BRDA:37,5,1,5
BRDA:43,6,0,9
BRDA:44,7,0,2
BRDA:44,7,1,7
BRDA:51,8,0,1
BRDA:51,8,1,6
BRDA:56,9,0,20
BRDA:56,9,1,0
BRF:21
BRH:18
end_of_record
TN:
SF:src/validation.js
FN:10,(anonymous_0)
FN:11,(anonymous_1)
FN:12,(anonymous_2)
FN:13,(anonymous_3)
FN:14,(anonymous_4)
FN:15,(anonymous_5)
FN:21,validate
FN:50,validateObject
FN:96,validateTask
FN:141,inferTaskType
FN:166,buildValidationError
FNF:11
FNH:7
FNDA:60,(anonymous_0)
FNDA:2,(anonymous_1)
FNDA:0,(anonymous_2)
FNDA:2,(anonymous_3)
FNDA:0,(anonymous_4)
FNDA:0,(anonymous_5)
FNDA:64,validate
FNDA:0,validateObject
FNDA:41,validateTask
FNDA:14,inferTaskType
FNDA:4,buildValidationError
DA:9,1
DA:10,60
DA:11,2
DA:12,0
DA:13,2
DA:14,0
DA:15,0
DA:22,64
DA:23,0
DA:25,64
DA:26,64
DA:27,64
DA:28,64
DA:29,64
DA:31,61
DA:32,4
DA:34,57
DA:35,0
DA:37,57
DA:38,0
DA:40,57
DA:41,0
DA:43,57
DA:44,0
DA:47,57
DA:51,0
DA:52,0
DA:53,0
DA:54,0
DA:56,0
DA:62,1
DA:98,41
DA:99,2
DA:102,39
DA:103,2
DA:107,37
DA:108,41
DA:110,41
DA:112,1
DA:115,36
DA:117,36
DA:118,157
DA:121,157
DA:122,0
DA:126,157
DA:127,7
DA:128,7
DA:135,29
DA:142,14
DA:143,14
DA:146,4
DA:148,10
DA:150,3
DA:152,7
DA:154,3
DA:156,4
DA:158,3
DA:160,1
DA:167,4
DA:179,1
LF:60
LH:46
BRDA:13,0,0,2
BRDA:13,0,1,1
BRDA:13,0,2,1
BRDA:15,1,0,0
BRDA:15,1,1,0
BRDA:22,2,0,0
BRDA:22,2,1,64
BRDA:25,3,0,64
BRDA:25,3,1,0
BRDA:25,4,0,64
BRDA:25,4,1,64
BRDA:26,5,0,64
BRDA:26,5,1,0
BRDA:28,6,0,0
BRDA:28,6,1,64
BRDA:29,7,0,3
BRDA:29,7,1,61
BRDA:31,8,0,4
BRDA:31,8,1,57
BRDA:31,9,0,61
BRDA:31,9,1,35
BRDA:31,9,2,35
BRDA:34,10,0,0
BRDA:34,10,1,57
BRDA:34,11,0,57
BRDA:34,11,1,0
BRDA:34,11,2,0
BRDA:37,12,0,0
BRDA:37,12,1,57
BRDA:37,13,0,57
BRDA:37,13,1,0
BRDA:37,13,2,0
BRDA:40,14,0,0
BRDA:40,14,1,57
BRDA:40,15,0,57
BRDA:40,15,1,0
BRDA:40,15,2,0
BRDA:43,16,0,0
BRDA:43,16,1,57
BRDA:51,17,0,0
BRDA:51,17,1,0
BRDA:51,18,0,0
BRDA:51,18,1,0
BRDA:53,19,0,0
BRDA:53,19,1,0
BRDA:53,20,0,0
BRDA:53,20,1,0
BRDA:54,21,0,0
BRDA:54,21,1,0
BRDA:54,22,0,0
BRDA:54,22,1,0
BRDA:98,23,0,2
BRDA:98,23,1,39
BRDA:98,24,0,40
BRDA:98,24,1,40
BRDA:102,25,0,2
BRDA:102,25,1,37
BRDA:107,26,0,14
BRDA:107,26,1,14
BRDA:110,27,0,1
BRDA:110,27,1,40
BRDA:121,28,0,0
BRDA:121,28,1,157
BRDA:121,29,0,157
BRDA:121,29,1,35
BRDA:126,30,0,7
BRDA:126,30,1,150
BRDA:126,31,0,157
BRDA:126,31,1,64
BRDA:127,32,0,7
BRDA:127,32,1,0
BRDA:127,33,0,0
BRDA:127,33,1,7
BRDA:142,34,0,14
BRDA:142,34,1,0
BRDA:142,35,0,14
BRDA:142,35,1,14
BRDA:143,36,0,4
BRDA:143,36,1,10
BRDA:143,37,0,14
BRDA:143,37,1,14
BRDA:143,37,2,13
BRDA:143,37,3,12
BRDA:143,37,4,11
BRDA:148,38,0,3
BRDA:148,38,1,7
BRDA:148,39,0,10
BRDA:148,39,1,9
BRDA:148,39,2,8
BRDA:148,39,3,8
BRDA:152,40,0,3
BRDA:152,40,1,4
BRDA:152,41,0,7
BRDA:152,41,1,6
BRDA:152,41,2,5
BRDA:156,42,0,3
BRDA:156,42,1,1
BRDA:156,43,0,4
BRDA:156,43,1,3
BRDA:156,43,2,2
BRDA:169,44,0,3
BRDA:169,44,1,3
BRDA:171,45,0,2
BRDA:171,45,1,1
BRDA:171,45,2,4
BRF:105
BRH:73
end_of_record
